<?xml version="1.0" encoding="UTF-8"?>
<!-- Generated by org.testng.reporters.JUnitXMLReporter -->
<testsuite ignored="0" hostname="DESKTOP-EPI9SM6" failures="0" tests="4" name="Default test" time="9.08" errors="0" timestamp="2023-07-21T09:13:00 IST">
  <testcase classname="com.testCases.petStoreUserTest" name="post_U" time="5.083"/>
  <testcase classname="com.testCases.petStoreUserTest" name="get_u" time="1.172"/>
  <testcase classname="com.testCases.petStoreUserTest" name="update_u" time="1.168"/>
  <testcase classname="com.testCases.petStoreUserTest" name="delete_U" time="1.127"/>
</testsuite> <!-- Default test -->
