<?xml version="1.0" encoding="UTF-8"?>
<!-- Generated by org.testng.reporters.JUnitXMLReporter -->
<testsuite ignored="0" hostname="DESKTOP-EPI9SM6" failures="0" tests="12" name="Default test" time="19.955" errors="0" timestamp="2023-07-21T18:09:11 IST">
  <testcase classname="com.testCases.petStoreUserTest2" name="post_User" time="4.747"/>
  <testcase classname="com.testCases.petStoreUserTest2" name="post_User" time="1.152"/>
  <testcase classname="com.testCases.petStoreUserTest2" name="post_User" time="1.651"/>
  <testcase classname="com.testCases.petStoreUserTest2" name="get_User" time="1.166"/>
  <testcase classname="com.testCases.petStoreUserTest2" name="get_User" time="1.399"/>
  <testcase classname="com.testCases.petStoreUserTest2" name="get_User" time="1.144"/>
  <testcase classname="com.testCases.petStoreUserTest2" name="update_User" time="1.151"/>
  <testcase classname="com.testCases.petStoreUserTest2" name="update_User" time="1.162"/>
  <testcase classname="com.testCases.petStoreUserTest2" name="update_User" time="1.135"/>
  <testcase classname="com.testCases.petStoreUserTest2" name="delete_User" time="1.156"/>
  <testcase classname="com.testCases.petStoreUserTest2" name="delete_User" time="1.238"/>
  <testcase classname="com.testCases.petStoreUserTest2" name="delete_User" time="1.124"/>
</testsuite> <!-- Default test -->
