<?xml version="1.0" encoding="UTF-8"?>
<!-- Generated by org.testng.reporters.JUnitXMLReporter -->
<testsuite ignored="0" hostname="DESKTOP-EPI9SM6" failures="0" tests="4" name="PetTest" time="9.894" errors="0" timestamp="2023-07-21T11:23:51 IST">
  <testcase classname="com.testCases.petStoreUserTest" name="post_U" time="5.399"/>
  <testcase classname="com.testCases.petStoreUserTest" name="get_u" time="1.17"/>
  <testcase classname="com.testCases.petStoreUserTest" name="update_u" time="1.141"/>
  <testcase classname="com.testCases.petStoreUserTest" name="delete_U" time="1.12"/>
</testsuite> <!-- PetTest -->
