<?xml version="1.0" encoding="UTF-8"?>
<!-- Generated by org.testng.reporters.JUnitXMLReporter -->
<testsuite ignored="0" hostname="DESKTOP-EPI9SM6" failures="0" tests="4" name="PetTest" time="8.846" errors="0" timestamp="2023-07-21T11:13:57 IST">
  <testcase classname="com.testCases.petStoreUserTest" name="post_U" time="4.445"/>
  <testcase classname="com.testCases.petStoreUserTest" name="get_u" time="1.196"/>
  <testcase classname="com.testCases.petStoreUserTest" name="update_u" time="1.107"/>
  <testcase classname="com.testCases.petStoreUserTest" name="delete_U" time="1.123"/>
</testsuite> <!-- PetTest -->
