<?xml version="1.0" encoding="UTF-8"?>
<!-- Generated by org.testng.reporters.JUnitXMLReporter -->
<testsuite ignored="0" hostname="DESKTOP-EPI9SM6" failures="0" tests="12" name="PetTest" time="21.352" errors="0" timestamp="2023-07-21T18:10:13 IST">
  <testcase classname="com.testCases.petStoreUserTest2" name="post_User" time="4.53"/>
  <testcase classname="com.testCases.petStoreUserTest2" name="post_User" time="1.198"/>
  <testcase classname="com.testCases.petStoreUserTest2" name="post_User" time="1.163"/>
  <testcase classname="com.testCases.petStoreUserTest2" name="get_User" time="1.167"/>
  <testcase classname="com.testCases.petStoreUserTest2" name="get_User" time="1.12"/>
  <testcase classname="com.testCases.petStoreUserTest2" name="get_User" time="1.147"/>
  <testcase classname="com.testCases.petStoreUserTest2" name="update_User" time="1.284"/>
  <testcase classname="com.testCases.petStoreUserTest2" name="update_User" time="1.169"/>
  <testcase classname="com.testCases.petStoreUserTest2" name="update_User" time="1.144"/>
  <testcase classname="com.testCases.petStoreUserTest2" name="delete_User" time="1.199"/>
  <testcase classname="com.testCases.petStoreUserTest2" name="delete_User" time="2.774"/>
  <testcase classname="com.testCases.petStoreUserTest2" name="delete_User" time="1.235"/>
</testsuite> <!-- PetTest -->
